\BOOKMARK [1][-]{section.1}{\376\377\004\022\004\101\004\102\004\103\004\077}{}% 1
\BOOKMARK [2][-]{subsection.1.1}{\376\377\004\020\004\072\004\102\004\103\004\060\004\073\004\114\004\075\004\126\004\101\004\102\004\114\000\040\004\037\004\100\004\076\004\061\004\073\004\065\004\074\004\070}{section.1}% 2
\BOOKMARK [2][-]{subsection.1.2}{\376\377\004\036\004\061\004\074\004\065\004\066\004\065\004\075\004\075\004\117\000\040\004\032\004\073\004\060\004\101\004\070\004\107\004\075\004\070\004\105\000\040\004\034\004\065\004\102\004\076\004\064\004\126\004\062}{section.1}% 3
\BOOKMARK [2][-]{subsection.1.3}{\376\377\004\006\004\101\004\075\004\103\004\116\004\107\004\126\000\040\004\037\004\126\004\064\004\105\004\076\004\064\004\070\000:\000\040\004\032\004\076\004\100\004\076\004\102\004\072\004\070\004\071\000\040\004\036\004\063\004\073\004\117\004\064}{section.1}% 4
\BOOKMARK [2][-]{subsection.1.4}{\376\377\004\034\004\065\004\102\004\076\004\064\000\040\004\034\004\060\004\072\004\101\004\070\004\074\004\126\004\067\004\060\004\106\004\126\004\127\000\040\004\037\004\076\004\073\004\126\004\075\004\076\004\074\004\126\004\062\000:\000\040\004\020\004\073\004\114\004\102\004\065\004\100\004\075\004\060\004\102\004\070\004\062\004\075\004\070\004\071\000\040\004\037\004\126\004\064\004\105\004\126\004\064}{section.1}% 5
\BOOKMARK [2][-]{subsection.1.5}{\376\377\004\024\004\076\004\101\004\073\004\126\004\064\004\075\004\070\004\106\004\114\004\072\004\060\000\040\004\037\004\100\004\076\004\063\004\060\004\073\004\070\004\075\004\060\000\040\004\102\004\060\000\040\004\022\004\075\004\065\004\101\004\076\004\072\000\040\004\040\004\076\004\061\004\076\004\102\004\070}{section.1}% 6
\BOOKMARK [2][-]{subsection.1.6}{\376\377\004\041\004\102\004\100\004\103\004\072\004\102\004\103\004\100\004\060\000\040\004\041\004\102\004\060\004\102\004\102\004\126}{section.1}% 7
\BOOKMARK [1][-]{section.2}{\376\377\004\034\004\065\004\102\004\076\004\064\004\076\004\073\004\076\004\063\004\126\004\117}{}% 8
\BOOKMARK [2][-]{subsection.2.1}{\376\377\000A\000R\000I\000M\000A\000\040\004\034\004\076\004\064\004\065\004\073\004\126\000:\000\040\004\036\004\101\004\075\004\076\004\062\004\070\000\040\004\102\004\060\000\040\004\032\004\073\004\060\004\101\004\070\004\107\004\075\004\065\000\040\004\036\004\106\004\126\004\075\004\116\004\062\004\060\004\075\004\075\004\117}{section.2}% 9
\BOOKMARK [3][-]{subsubsection.2.1.1}{\376\377\004\022\004\070\004\067\004\075\004\060\004\107\004\065\004\075\004\075\004\117\000\040\000A\000R\000I\000M\000A\000\050\000p\000,\000d\000,\000q\000\051\000\040\004\034\004\076\004\064\004\065\004\073\004\126}{subsection.2.1}% 10
\BOOKMARK [3][-]{subsubsection.2.1.2}{\376\377\004\032\004\073\004\060\004\101\004\070\004\107\004\075\004\126\000\040\004\034\004\065\004\102\004\076\004\064\004\070\000\040\004\036\004\106\004\126\004\075\004\116\004\062\004\060\004\075\004\075\004\117}{subsection.2.1}% 11
\BOOKMARK [2][-]{subsection.2.2}{\376\377\004\042\004\065\004\076\004\100\004\065\004\102\004\070\004\107\004\075\004\126\000\040\004\036\004\101\004\075\004\076\004\062\004\070\000\040\004\034\004\065\004\102\004\076\004\064\004\103\000\040\004\034\004\060\004\072\004\101\004\070\004\074\004\126\004\067\004\060\004\106\004\126\004\127\000\040\004\037\004\076\004\073\004\126\004\075\004\076\004\074\004\126\004\062}{section.2}% 12
\BOOKMARK [3][-]{subsubsection.2.2.1}{\376\377\004\041\004\102\004\076\004\105\004\060\004\101\004\102\004\070\004\107\004\075\004\126\000\040\004\037\004\076\004\073\004\126\004\075\004\076\004\074\004\070\000\040\004\102\004\060\000\040\004\032\004\103\004\074\004\103\004\073\004\117\004\075\004\102\004\075\004\070\004\071\000\040\004\036\004\077\004\070\004\101}{subsection.2.2}% 13
\BOOKMARK [3][-]{subsubsection.2.2.2}{\376\377\000P\000M\000M\0002\000\040\004\064\004\073\004\117\000\040\004\020\004\101\004\070\004\074\004\065\004\102\004\100\004\070\004\107\004\075\004\070\004\105\000\040\004\040\004\076\004\067\004\077\004\076\004\064\004\126\004\073\004\126\004\062}{subsection.2.2}% 14
\BOOKMARK [3][-]{subsubsection.2.2.3}{\376\377\004\020\004\101\004\070\004\074\004\077\004\102\004\076\004\102\004\070\004\107\004\075\004\060\000\040\004\025\004\104\004\065\004\072\004\102\004\070\004\062\004\075\004\126\004\101\004\102\004\114\000\040\000P\000M\000M\0002}{subsection.2.2}% 15
\BOOKMARK [2][-]{subsection.2.3}{\376\377\000P\000M\000M\0002\000\040\004\064\004\073\004\117\000\040\000A\000R\000I\000M\000A\000\040\004\034\004\076\004\064\004\065\004\073\004\065\004\071\000:\000\040\004\020\004\064\004\060\004\077\004\102\004\060\004\106\004\126\004\117\000\040\004\034\004\065\004\102\004\076\004\064\004\103}{section.2}% 16
\BOOKMARK [3][-]{subsubsection.2.3.1}{\376\377\004\034\004\076\004\102\004\070\004\062\004\060\004\106\004\126\004\117\000:\000\040\004\047\004\076\004\074\004\103\000\040\004\032\004\073\004\060\004\101\004\070\004\107\004\075\004\070\004\071\000\040\000P\000M\000M\0002\000\040\004\037\004\076\004\102\004\100\004\065\004\061\004\103\004\124\000\040\004\020\004\064\004\060\004\077\004\102\004\060\004\106\004\126\004\127}{subsection.2.3}% 17
\BOOKMARK [3][-]{subsubsection.2.3.2}{\376\377\004\044\004\076\004\100\004\074\004\103\004\073\004\116\004\062\004\060\004\075\004\075\004\117\000\040\000P\000M\000M\0002\000\040\004\064\004\073\004\117\000\040\000A\000R\000I\000M\000A}{subsection.2.3}% 18
\BOOKMARK [3][-]{subsubsection.2.3.3}{\376\377\004\023\004\100\004\060\004\064\004\126\004\124\004\075\004\102\000\040\004\102\004\060\000\040\004\023\004\065\004\101\004\101\004\126\004\060\004\075\000\040\004\064\004\073\004\117\000\040\004\035\004\114\004\116\004\102\004\076\004\075\004\060\000-\004\040\004\060\004\104\004\101\004\076\004\075\004\060}{subsection.2.3}% 19
\BOOKMARK [2][-]{subsection.2.4}{\376\377\004\020\004\073\004\063\004\076\004\100\004\070\004\102\004\074\000\040\004\036\004\106\004\126\004\075\004\116\004\062\004\060\004\075\004\075\004\117\000\040\000P\000M\000M\0002\000\040\004\064\004\073\004\117\000\040\000A\000R\000I\000M\000A}{section.2}% 20
\BOOKMARK [2][-]{subsection.2.5}{\376\377\004\020\004\101\004\070\004\074\004\077\004\102\004\076\004\102\004\070\004\107\004\075\004\126\000\040\004\022\004\073\004\060\004\101\004\102\004\070\004\062\004\076\004\101\004\102\004\126\000\040\000P\000M\000M\0002\000\040\004\064\004\073\004\117\000\040\000A\000R\000I\000M\000A}{section.2}% 21
\BOOKMARK [3][-]{subsubsection.2.5.1}{\376\377\004\032\004\076\004\075\004\101\004\070\004\101\004\102\004\065\004\075\004\102\004\075\004\126\004\101\004\102\004\114}{subsection.2.5}% 22
\BOOKMARK [3][-]{subsubsection.2.5.2}{\376\377\004\020\004\101\004\070\004\074\004\077\004\102\004\076\004\102\004\070\004\107\004\075\004\060\000\040\004\035\004\076\004\100\004\074\004\060\004\073\004\114\004\075\004\126\004\101\004\102\004\114}{subsection.2.5}% 23
\BOOKMARK [3][-]{subsubsection.2.5.3}{\376\377\004\022\004\126\004\064\004\075\004\076\004\101\004\075\004\060\000\040\004\025\004\104\004\065\004\072\004\102\004\070\004\062\004\075\004\126\004\101\004\102\004\114\000\040\004\064\004\073\004\117\000\040\000A\000R\000I\000M\000A}{subsection.2.5}% 24
\BOOKMARK [2][-]{subsection.2.6}{\376\377\004\037\004\100\004\060\004\072\004\102\004\070\004\107\004\075\004\126\000\040\004\020\004\101\004\077\004\065\004\072\004\102\004\070\000\040\004\040\004\065\004\060\004\073\004\126\004\067\004\060\004\106\004\126\004\127}{section.2}% 25
\BOOKMARK [3][-]{subsubsection.2.6.1}{\376\377\004\022\004\070\004\061\004\126\004\100\000\040\004\037\004\076\004\107\004\060\004\102\004\072\004\076\004\062\004\070\004\105\000\040\004\027\004\075\004\060\004\107\004\065\004\075\004\114}{subsection.2.6}% 26
\BOOKMARK [3][-]{subsubsection.2.6.2}{\376\377\004\027\004\060\004\061\004\065\004\067\004\077\004\065\004\107\004\065\004\075\004\075\004\117\000\040\004\036\004\061\004\074\004\065\004\066\004\065\004\075\004\114}{subsection.2.6}% 27
\BOOKMARK [3][-]{subsubsection.2.6.3}{\376\377\004\024\004\126\004\060\004\063\004\075\004\076\004\101\004\102\004\070\004\072\004\060\000\040\004\027\004\060\004\073\004\070\004\110\004\072\004\126\004\062}{subsection.2.6}% 28
\BOOKMARK [3][-]{subsubsection.2.6.4}{\376\377\004\036\004\061\004\107\004\070\004\101\004\073\004\116\004\062\004\060\004\073\004\114\004\075\004\060\000\040\004\041\004\102\004\060\004\061\004\126\004\073\004\114\004\075\004\126\004\101\004\102\004\114}{subsection.2.6}% 29
\BOOKMARK [1][-]{section.3}{\376\377\004\025\004\074\004\077\004\126\004\100\004\070\004\107\004\075\004\126\000\040\004\040\004\065\004\067\004\103\004\073\004\114\004\102\004\060\004\102\004\070\000:\000\040\000M\000o\000n\000t\000e\000\040\000C\000a\000r\000l\000o\000\040\004\024\004\076\004\101\004\073\004\126\004\064\004\066\004\065\004\075\004\075\004\117}{}% 30
\BOOKMARK [2][-]{subsection.3.1}{\376\377\004\024\004\070\004\067\004\060\004\071\004\075\000\040\000M\000o\000n\000t\000e\000\040\000C\000a\000r\000l\000o\000\040\004\025\004\072\004\101\004\077\004\065\004\100\004\070\004\074\004\065\004\075\004\102\004\103}{section.3}% 31
\BOOKMARK [3][-]{subsubsection.3.1.1}{\376\377\004\027\004\060\004\063\004\060\004\073\004\114\004\075\004\060\000\040\004\041\004\102\004\100\004\103\004\072\004\102\004\103\004\100\004\060\000\040\004\025\004\072\004\101\004\077\004\065\004\100\004\070\004\074\004\065\004\075\004\102\004\103}{subsection.3.1}% 32
\BOOKMARK [3][-]{subsubsection.3.1.2}{\376\377\004\037\004\100\004\076\004\106\004\065\004\064\004\103\004\100\004\060\000\040\004\023\004\065\004\075\004\065\004\100\004\060\004\106\004\126\004\127\000\040\004\024\004\060\004\075\004\070\004\105}{subsection.3.1}% 33
\BOOKMARK [3][-]{subsubsection.3.1.3}{\376\377\004\034\004\065\004\102\004\100\004\070\004\072\004\070\000\040\004\036\004\106\004\126\004\075\004\116\004\062\004\060\004\075\004\075\004\117\000\040\004\025\004\104\004\065\004\072\004\102\004\070\004\062\004\075\004\076\004\101\004\102\004\126}{subsection.3.1}% 34
\BOOKMARK [2][-]{subsection.3.2}{\376\377\004\040\004\065\004\067\004\103\004\073\004\114\004\102\004\060\004\102\004\070\000\040\004\064\004\073\004\117\000\040\000A\000R\000I\000M\000A\000\050\0001\000,\0001\000,\0000\000\051\000\040\004\034\004\076\004\064\004\065\004\073\004\126}{section.3}% 35
\BOOKMARK [3][-]{subsubsection.3.2.1}{\376\377\004\036\004\106\004\126\004\075\004\116\004\062\004\060\004\075\004\075\004\117\000\040\004\077\004\100\004\070\000\040\004\023\004\060\004\103\004\101\004\076\004\062\004\070\004\105\000\040\004\006\004\075\004\075\004\076\004\062\004\060\004\106\004\126\004\117\004\105}{subsection.3.2}% 36
\BOOKMARK [3][-]{subsubsection.3.2.2}{\376\377\004\036\004\106\004\126\004\075\004\116\004\062\004\060\004\075\004\075\004\117\000\040\004\077\004\100\004\070\000\040\000G\000a\000m\000m\000a\000\040\004\006\004\075\004\075\004\076\004\062\004\060\004\106\004\126\004\117\004\105}{subsection.3.2}% 37
\BOOKMARK [3][-]{subsubsection.3.2.3}{\376\377\004\036\004\106\004\126\004\075\004\116\004\062\004\060\004\075\004\075\004\117\000\040\004\077\004\100\004\070\000\040\000L\000o\000g\000n\000o\000r\000m\000a\000l\000\040\004\006\004\075\004\075\004\076\004\062\004\060\004\106\004\126\004\117\004\105}{subsection.3.2}% 38
\BOOKMARK [3][-]{subsubsection.3.2.4}{\376\377\004\036\004\106\004\126\004\075\004\116\004\062\004\060\004\075\004\075\004\117\000\040\004\077\004\100\004\070\000\040\000C\000h\000i\000-\000s\000q\000u\000a\000r\000e\000d\000\040\004\006\004\075\004\075\004\076\004\062\004\060\004\106\004\126\004\117\004\105}{subsection.3.2}% 39
\BOOKMARK [2][-]{subsection.3.3}{\376\377\004\037\004\076\004\100\004\126\004\062\004\075\004\117\004\075\004\075\004\117\000\040\004\025\004\104\004\065\004\072\004\102\004\070\004\062\004\075\004\076\004\101\004\102\004\126\000\040\004\064\004\073\004\117\000\040\004\040\004\126\004\067\004\075\004\070\004\105\000\040\004\032\004\076\004\075\004\104\004\126\004\063\004\103\004\100\004\060\004\106\004\126\004\071}{section.3}% 40
\BOOKMARK [3][-]{subsubsection.3.3.1}{\376\377\004\027\004\060\004\073\004\065\004\066\004\075\004\126\004\101\004\102\004\114\000\040\000R\000E\000\040\004\062\004\126\004\064\000\040\004\032\004\076\004\065\004\104\004\126\004\106\004\126\004\124\004\075\004\102\004\060\000\040\004\020\004\101\004\070\004\074\004\065\004\102\004\100\004\126\004\127}{subsection.3.3}% 41
\BOOKMARK [3][-]{subsubsection.3.3.2}{\376\377\004\027\004\060\004\073\004\065\004\066\004\075\004\126\004\101\004\102\004\114\000\040\004\062\004\126\004\064\000\040\004\040\004\076\004\067\004\074\004\126\004\100\004\103\000\040\004\022\004\070\004\061\004\126\004\100\004\072\004\070}{subsection.3.3}% 42
\BOOKMARK [2][-]{subsection.3.4}{\376\377\004\040\004\065\004\067\004\103\004\073\004\114\004\102\004\060\004\102\004\070\000\040\004\064\004\073\004\117\000\040\004\006\004\075\004\110\004\070\004\105\000\040\004\032\004\076\004\075\004\104\004\126\004\063\004\103\004\100\004\060\004\106\004\126\004\071\000\040\000A\000R\000I\000M\000A}{section.3}% 43
\BOOKMARK [3][-]{subsubsection.3.4.1}{\376\377\000A\000R\000I\000M\000A\000\050\0000\000,\0001\000,\0001\000\051\000\040\004\034\004\076\004\064\004\065\004\073\004\114}{subsection.3.4}% 44
\BOOKMARK [3][-]{subsubsection.3.4.2}{\376\377\000A\000R\000I\000M\000A\000\050\0001\000,\0001\000,\0001\000\051\000\040\004\034\004\076\004\064\004\065\004\073\004\114}{subsection.3.4}% 45
\BOOKMARK [3][-]{subsubsection.3.4.3}{\376\377\000A\000R\000I\000M\000A\000\050\0002\000,\0001\000,\0000\000\051\000\040\004\034\004\076\004\064\004\065\004\073\004\114}{subsection.3.4}% 46
\BOOKMARK [2][-]{subsection.3.5}{\376\377\004\040\004\076\004\061\004\060\004\101\004\102\004\075\004\126\004\101\004\102\004\114\000\040\004\102\004\060\000\040\004\024\004\126\004\060\004\063\004\075\004\076\004\101\004\102\004\070\004\072\004\060}{section.3}% 47
\BOOKMARK [3][-]{subsubsection.3.5.1}{\376\377\004\042\004\065\004\101\004\102\004\070\000\040\004\075\004\060\000\040\004\020\004\062\004\102\004\076\004\072\004\076\004\100\004\065\004\073\004\117\004\106\004\126\004\116\000\040\004\027\004\060\004\073\004\070\004\110\004\072\004\126\004\062}{subsection.3.5}% 48
\BOOKMARK [3][-]{subsubsection.3.5.2}{\376\377\004\036\004\106\004\126\004\075\004\072\004\060\000\040\004\032\004\103\004\074\004\103\004\073\004\117\004\075\004\102\004\126\004\062\000\040\004\027\004\060\004\073\004\070\004\110\004\072\004\126\004\062}{subsection.3.5}% 49
\BOOKMARK [2][-]{subsection.3.6}{\376\377\004\037\004\126\004\064\004\101\004\103\004\074\004\076\004\072\000\040\004\025\004\074\004\077\004\126\004\100\004\070\004\107\004\075\004\070\004\105\000\040\004\040\004\065\004\067\004\103\004\073\004\114\004\102\004\060\004\102\004\126\004\062}{section.3}% 50
\BOOKMARK [2][-]{subsection.3.7}{\376\377\004\027\004\060\004\101\004\102\004\076\004\101\004\103\004\062\004\060\004\075\004\075\004\117\000\040\004\064\004\076\000\040\004\040\004\065\004\060\004\073\004\114\004\075\004\070\004\105\000\040\004\024\004\060\004\075\004\070\004\105\000:\000\040\000W\000T\000I\000\040\000C\000r\000u\000d\000e\000\040\000O\000i\000l}{section.3}% 51
\BOOKMARK [3][-]{subsubsection.3.7.1}{\376\377\004\036\004\077\004\070\004\101\000\040\004\024\004\060\004\075\004\070\004\105\000\040\004\102\004\060\000\040\004\034\004\076\004\102\004\070\004\062\004\060\004\106\004\126\004\117}{subsection.3.7}% 52
\BOOKMARK [3][-]{subsubsection.3.7.2}{\376\377\004\024\004\070\004\067\004\060\004\071\004\075\000\040\004\025\004\074\004\077\004\126\004\100\004\070\004\107\004\075\004\076\004\063\004\076\000\040\004\024\004\076\004\101\004\073\004\126\004\064\004\066\004\065\004\075\004\075\004\117}{subsection.3.7}% 53
\BOOKMARK [3][-]{subsubsection.3.7.3}{\376\377\004\040\004\065\004\067\004\103\004\073\004\114\004\102\004\060\004\102\004\070\000\040\004\037\004\076\004\100\004\126\004\062\004\075\004\117\004\075\004\075\004\117\000\040\004\034\004\065\004\102\004\076\004\064\004\126\004\062}{subsection.3.7}% 54
\BOOKMARK [3][-]{subsubsection.3.7.4}{\376\377\004\032\004\073\004\116\004\107\004\076\004\062\004\126\000\040\004\041\004\077\004\076\004\101\004\102\004\065\004\100\004\065\004\066\004\065\004\075\004\075\004\117}{subsection.3.7}% 55
\BOOKMARK [3][-]{subsubsection.3.7.5}{\376\377\004\042\004\065\004\076\004\100\004\065\004\102\004\070\004\107\004\075\004\060\000\040\004\022\004\060\004\073\004\126\004\064\004\060\004\106\004\126\004\117}{subsection.3.7}% 56
\BOOKMARK [3][-]{subsubsection.3.7.6}{\376\377\004\037\004\100\004\060\004\072\004\102\004\070\004\107\004\075\004\126\000\040\004\040\004\065\004\072\004\076\004\074\004\065\004\075\004\064\004\060\004\106\004\126\004\127\000\040\004\075\004\060\000\040\004\036\004\101\004\075\004\076\004\062\004\126\000\040\000W\000T\000I\000\040\004\020\004\075\004\060\004\073\004\126\004\067\004\103}{subsection.3.7}% 57
\BOOKMARK [3][-]{subsubsection.3.7.7}{\376\377\004\022\004\070\004\101\004\075\004\076\004\062\004\072\004\070\000\040\004\067\000\040\004\025\004\074\004\077\004\126\004\100\004\070\004\107\004\075\004\076\004\063\004\076\000\040\004\024\004\076\004\101\004\073\004\126\004\064\004\066\004\065\004\075\004\075\004\117}{subsection.3.7}% 58
\BOOKMARK [2][-]{subsection.3.8}{\376\377\004\043\004\067\004\060\004\063\004\060\004\073\004\114\004\075\004\065\004\075\004\075\004\117\000\040\004\025\004\074\004\077\004\126\004\100\004\070\004\107\004\075\004\070\004\105\000\040\004\040\004\065\004\067\004\103\004\073\004\114\004\102\004\060\004\102\004\126\004\062}{section.3}% 59
\BOOKMARK [3][-]{subsubsection.3.8.1}{\376\377\004\037\004\076\004\100\004\126\004\062\004\075\004\117\004\075\004\075\004\117\000\040\000M\000o\000n\000t\000e\000\040\000C\000a\000r\000l\000o\000\040\000v\000s\000\040\004\040\004\065\004\060\004\073\004\114\004\075\004\126\000\040\004\024\004\060\004\075\004\126}{subsection.3.8}% 60
\BOOKMARK [3][-]{subsubsection.3.8.2}{\376\377\004\027\004\060\004\063\004\060\004\073\004\114\004\075\004\126\000\040\004\022\004\070\004\101\004\075\004\076\004\062\004\072\004\070}{subsection.3.8}% 61
\BOOKMARK [1][-]{section.4}{\376\377\004\024\004\070\004\101\004\072\004\103\004\101\004\126\004\117}{}% 62
\BOOKMARK [2][-]{subsection.4.1}{\376\377\004\006\004\075\004\102\004\065\004\100\004\077\004\100\004\065\004\102\004\060\004\106\004\126\004\117\000\040\004\040\004\065\004\067\004\103\004\073\004\114\004\102\004\060\004\102\004\126\004\062}{section.4}% 63
\BOOKMARK [3][-]{subsubsection.4.1.1}{\376\377\004\025\004\104\004\065\004\072\004\102\004\070\004\062\004\075\004\126\004\101\004\102\004\114\000\040\000P\000M\000M\0002\000\040\004\064\004\073\004\117\000\040\004\035\004\065\004\063\004\060\004\103\004\101\004\076\004\062\004\070\004\105\000\040\004\006\004\075\004\075\004\076\004\062\004\060\004\106\004\126\004\071}{subsection.4.1}% 64
\BOOKMARK [3][-]{subsubsection.4.1.2}{\376\377\004\032\004\062\004\060\004\064\004\100\004\060\004\102\004\070\004\107\004\075\004\060\000\040\004\027\004\060\004\073\004\065\004\066\004\075\004\126\004\101\004\102\004\114\000\040\000R\000E\000\040\004\062\004\126\004\064\000\040\004\020\004\101\004\070\004\074\004\065\004\102\004\100\004\126\004\127}{subsection.4.1}% 65
\BOOKMARK [3][-]{subsubsection.4.1.3}{\376\377\004\032\004\076\004\075\004\101\004\070\004\101\004\102\004\065\004\075\004\102\004\075\004\126\004\101\004\102\004\114\000\040\004\064\004\073\004\117\000\040\004\040\004\126\004\067\004\075\004\070\004\105\000\040\004\032\004\076\004\075\004\104\004\126\004\063\004\103\004\100\004\060\004\106\004\126\004\071\000\040\000A\000R\000I\000M\000A}{subsection.4.1}% 66
\BOOKMARK [2][-]{subsection.4.2}{\376\377\004\037\004\076\004\100\004\126\004\062\004\075\004\117\004\075\004\075\004\117\000\040\004\067\000\040\004\006\004\101\004\075\004\103\004\116\004\107\004\076\004\116\000\040\004\033\004\126\004\102\004\065\004\100\004\060\004\102\004\103\004\100\004\076\004\116}{section.4}% 67
\BOOKMARK [3][-]{subsubsection.4.2.1}{\376\377\004\040\004\076\004\061\004\060\004\101\004\102\004\075\004\126\000\040\000M\000-\004\036\004\106\004\126\004\075\004\072\004\070}{subsection.4.2}% 68
\BOOKMARK [3][-]{subsubsection.4.2.2}{\376\377\004\041\004\077\004\065\004\106\004\070\004\104\004\126\004\072\004\060\004\106\004\126\004\127\000\040\004\067\000\040\004\022\004\060\004\066\004\072\004\070\004\074\004\070\000\040\004\045\004\062\004\076\004\101\004\102\004\060\004\074\004\070}{subsection.4.2}% 69
\BOOKMARK [3][-]{subsubsection.4.2.3}{\376\377\004\021\004\060\004\071\004\124\004\101\004\126\004\062\004\101\004\114\004\072\004\126\000\040\004\034\004\065\004\102\004\076\004\064\004\070}{subsection.4.2}% 70
\BOOKMARK [3][-]{subsubsection.4.2.4}{\376\377\004\032\004\062\004\060\004\075\004\102\004\070\004\073\004\114\004\075\004\060\000\040\004\040\004\065\004\063\004\100\004\065\004\101\004\126\004\117\000\040\004\064\004\073\004\117\000\040\004\047\004\060\004\101\004\076\004\062\004\070\004\105\000\040\004\040\004\117\004\064\004\126\004\062}{subsection.4.2}% 71
\BOOKMARK [2][-]{subsection.4.3}{\376\377\004\037\004\100\004\060\004\072\004\102\004\070\004\107\004\075\004\126\000\040\004\040\004\065\004\072\004\076\004\074\004\065\004\075\004\064\004\060\004\106\004\126\004\127}{section.4}% 72
\BOOKMARK [3][-]{subsubsection.4.3.1}{\376\377\004\032\004\076\004\073\004\070\000\040\004\022\004\070\004\072\004\076\004\100\004\070\004\101\004\102\004\076\004\062\004\103\004\062\004\060\004\102\004\070\000\040\000P\000M\000M\0002\000?}{subsection.4.3}% 73
\BOOKMARK [3][-]{subsubsection.4.3.2}{\376\377\004\024\004\126\004\060\004\063\004\075\004\076\004\101\004\102\004\070\004\107\004\075\004\070\004\071\000\040\004\020\004\073\004\063\004\076\004\100\004\070\004\102\004\074\000\040\004\064\004\073\004\117\000\040\004\037\004\100\004\060\004\072\004\102\004\070\004\072\004\126\004\062}{subsection.4.3}% 74
\BOOKMARK [3][-]{subsubsection.4.3.3}{\376\377\004\037\004\100\004\070\004\072\004\073\004\060\004\064\000\040\004\027\004\060\004\101\004\102\004\076\004\101\004\103\004\062\004\060\004\075\004\075\004\117}{subsection.4.3}% 75
\BOOKMARK [3][-]{subsubsection.4.3.4}{\376\377\004\040\004\065\004\072\004\076\004\074\004\065\004\075\004\064\004\060\004\106\004\126\004\127\000\040\004\111\004\076\004\064\004\076\000\040\004\037\004\100\004\076\004\063\004\075\004\076\004\067\004\103\004\062\004\060\004\075\004\075\004\117}{subsection.4.3}% 76
\BOOKMARK [2][-]{subsection.4.4}{\376\377\004\036\004\061\004\074\004\065\004\066\004\065\004\075\004\075\004\117\000\040\004\037\004\076\004\102\004\076\004\107\004\075\004\076\004\063\004\076\000\040\004\024\004\076\004\101\004\073\004\126\004\064\004\066\004\065\004\075\004\075\004\117}{section.4}% 77
\BOOKMARK [3][-]{subsubsection.4.4.1}{\376\377\004\036\004\061\004\074\004\065\004\066\004\065\004\075\004\075\004\117\000\040\004\075\004\060\000\040\004\040\004\076\004\067\004\077\004\076\004\064\004\126\004\073\004\070\000\040\004\006\004\075\004\075\004\076\004\062\004\060\004\106\004\126\004\071}{subsection.4.4}% 78
\BOOKMARK [3][-]{subsubsection.4.4.2}{\376\377\004\036\004\061\004\074\004\065\004\066\004\065\004\075\004\075\004\117\000\040\004\075\004\060\000\040\004\037\004\076\004\100\004\117\004\064\004\076\004\072\000\040\004\034\004\076\004\064\004\065\004\073\004\126}{subsection.4.4}% 79
\BOOKMARK [3][-]{subsubsection.4.4.3}{\376\377\004\022\004\126\004\064\004\101\004\103\004\102\004\075\004\126\004\101\004\102\004\114\000\040\004\042\004\065\004\101\004\102\004\126\004\062\000\040\004\075\004\060\000\040\004\022\004\070\004\061\004\126\004\100\000\040\004\034\004\076\004\064\004\065\004\073\004\126}{subsection.4.4}% 80
\BOOKMARK [3][-]{subsubsection.4.4.4}{\376\377\004\036\004\061\004\074\004\065\004\066\004\065\004\075\004\126\000\040\004\040\004\065\004\060\004\073\004\114\004\075\004\126\000\040\004\024\004\060\004\075\004\126}{subsection.4.4}% 81
\BOOKMARK [2][-]{subsection.4.5}{\376\377\004\042\004\065\004\076\004\100\004\065\004\102\004\070\004\107\004\075\004\126\000\040\004\034\004\126\004\100\004\072\004\103\004\062\004\060\004\075\004\075\004\117}{section.4}% 82
\BOOKMARK [3][-]{subsubsection.4.5.1}{\376\377\004\043\004\074\004\076\004\062\004\070\000\040\004\040\004\065\004\063\004\103\004\073\004\117\004\100\004\075\004\076\004\101\004\102\004\126}{subsection.4.5}% 83
\BOOKMARK [3][-]{subsubsection.4.5.2}{\376\377\004\036\004\077\004\102\004\070\004\074\004\060\004\073\004\114\004\075\004\126\004\101\004\102\004\114\000\040\000P\000M\000M\0002}{subsection.4.5}% 84
\BOOKMARK [2][-]{subsection.4.6}{\376\377\004\035\004\060\004\077\004\100\004\117\004\074\004\072\004\070\000\040\004\034\004\060\004\071\004\061\004\103\004\102\004\075\004\126\004\105\000\040\004\024\004\076\004\101\004\073\004\126\004\064\004\066\004\065\004\075\004\114}{section.4}% 85
\BOOKMARK [3][-]{subsubsection.4.6.1}{\376\377\004\040\004\076\004\067\004\110\004\070\004\100\004\065\004\075\004\075\004\117\000\040\004\075\004\060\000\040\000S\000A\000R\000I\000M\000A\000\040\004\102\004\060\000\040\004\041\004\065\004\067\004\076\004\075\004\075\004\126\000\040\004\034\004\076\004\064\004\065\004\073\004\126}{subsection.4.6}% 86
\BOOKMARK [3][-]{subsubsection.4.6.2}{\376\377\004\006\004\075\004\102\004\065\004\063\004\100\004\060\004\106\004\126\004\117\000\040\004\067\000\040\000G\000A\000R\000C\000H\000\040\004\034\004\076\004\064\004\065\004\073\004\117\004\074\004\070}{subsection.4.6}% 87
\BOOKMARK [3][-]{subsubsection.4.6.3}{\376\377\004\020\004\062\004\102\004\076\004\074\004\060\004\102\004\070\004\107\004\075\004\070\004\071\000\040\004\022\004\070\004\061\004\126\004\100\000\040\004\034\004\076\004\064\004\065\004\073\004\126}{subsection.4.6}% 88
\BOOKMARK [3][-]{subsubsection.4.6.4}{\376\377\000P\000M\000M\0002\000\040\004\064\004\073\004\117\000\040\004\022\004\065\004\072\004\102\004\076\004\100\004\075\004\070\004\105\000\040\000A\000R\000I\000M\000A\000\040\000\050\000V\000A\000R\000I\000M\000A\000\051}{subsection.4.6}% 89
\BOOKMARK [3][-]{subsubsection.4.6.5}{\376\377\004\036\004\075\004\073\004\060\004\071\004\075\000\040\004\102\004\060\000\040\004\020\004\064\004\060\004\077\004\102\004\070\004\062\004\075\004\126\000\040\004\022\004\065\004\100\004\101\004\126\004\127\000\040\000P\000M\000M\0002}{subsection.4.6}% 90
\BOOKMARK [3][-]{subsubsection.4.6.6}{\376\377\004\040\004\076\004\061\004\060\004\101\004\102\004\075\004\126\000\040\004\022\004\060\004\100\004\126\004\060\004\075\004\102\004\070\000\040\000P\000M\000M\0002}{subsection.4.6}% 91
\BOOKMARK [3][-]{subsubsection.4.6.7}{\376\377\004\037\004\076\004\100\004\126\004\062\004\075\004\117\004\075\004\075\004\117\000\040\004\067\000\040\004\023\004\073\004\070\004\061\004\070\004\075\004\075\004\070\004\074\000\040\004\035\004\060\004\062\004\107\004\060\004\075\004\075\004\117\004\074}{subsection.4.6}% 92
\BOOKMARK [2][-]{subsection.4.7}{\376\377\004\037\004\126\004\064\004\101\004\103\004\074\004\076\004\072\000\040\004\024\004\070\004\101\004\072\004\103\004\101\004\126\004\127}{section.4}% 93
\BOOKMARK [1][-]{section.5}{\376\377\004\022\004\070\004\101\004\075\004\076\004\062\004\072\004\070}{}% 94
\BOOKMARK [2][-]{subsection.5.1}{\376\377\004\036\004\101\004\075\004\076\004\062\004\075\004\126\000\040\004\040\004\065\004\067\004\103\004\073\004\114\004\102\004\060\004\102\004\070}{section.5}% 95
\BOOKMARK [2][-]{subsection.5.2}{\376\377\004\037\004\100\004\060\004\072\004\102\004\070\004\107\004\075\004\060\000\040\004\046\004\126\004\075\004\075\004\126\004\101\004\102\004\114}{section.5}% 96
\BOOKMARK [2][-]{subsection.5.3}{\376\377\004\035\004\060\004\103\004\072\004\076\004\062\004\070\004\071\000\040\004\022\004\075\004\065\004\101\004\076\004\072}{section.5}% 97
\BOOKMARK [2][-]{subsection.5.4}{\376\377\004\036\004\061\004\074\004\065\004\066\004\065\004\075\004\075\004\117\000\040\004\102\004\060\000\040\004\027\004\060\004\101\004\102\004\065\004\100\004\065\004\066\004\065\004\075\004\075\004\117}{section.5}% 98
\BOOKMARK [2][-]{subsection.5.5}{\376\377\004\027\004\060\004\072\004\073\004\116\004\107\004\075\004\126\000\040\004\027\004\060\004\103\004\062\004\060\004\066\004\065\004\075\004\075\004\117}{section.5}% 99
